app/build/intermediates/manifest_merge_blame_file/debug/manifest-merger-blame-debug-report.txt
1<?xml version="1.0" encoding="utf-8"?>
2<manifest xmlns:android="http://schemas.android.com/apk/res/android"
3    package="com.example.med_it_yourself"
4    android:versionCode="1"
5    android:versionName="1.0" >
6
7    <uses-sdk
8        android:minSdkVersion="24"
8-->src\main\AndroidManifest.xml
9        android:targetSdkVersion="29" />
9-->src\main\AndroidManifest.xml
10
11    <uses-permission android:name="android.permission.INTERNET" />
11-->src\main\AndroidManifest.xml:5:5-67
11-->src\main\AndroidManifest.xml:5:22-64
12    <uses-permission android:name="android.permission.ACCESS_NETWORK_STATE" />
12-->src\main\AndroidManifest.xml:6:5-79
12-->src\main\AndroidManifest.xml:6:22-76
13
14    <application
14-->src\main\AndroidManifest.xml:8:5-32:19
15        android:allowBackup="true"
15-->src\main\AndroidManifest.xml:9:9-35
16        android:appComponentFactory="androidx.core.app.CoreComponentFactory"
16-->[androidx.core:core:1.1.0] AndroidManifest.xml:24:18-86
17        android:debuggable="true"
18        android:extractNativeLibs="false"
19        android:icon="@mipmap/ic_launcher"
19-->src\main\AndroidManifest.xml:10:9-43
20        android:label="@string/app_name"
20-->src\main\AndroidManifest.xml:11:9-41
21        android:roundIcon="@mipmap/ic_launcher_round"
21-->src\main\AndroidManifest.xml:12:9-54
22        android:supportsRtl="true"
22-->src\main\AndroidManifest.xml:13:9-35
23        android:testOnly="true"
24        android:theme="@style/AppTheme" >
24-->src\main\AndroidManifest.xml:14:9-40
25        <activity
25-->src\main\AndroidManifest.xml:15:9-98
26            android:name="com.example.med_it_yourself.MediceneShopActivity"
26-->src\main\AndroidManifest.xml:15:19-55
27            android:label="@string/i_shop" />
27-->src\main\AndroidManifest.xml:15:56-86
28        <activity
28-->src\main\AndroidManifest.xml:16:9-84
29            android:name="com.example.med_it_yourself.DoctorActivity"
29-->src\main\AndroidManifest.xml:16:19-49
30            android:label="@string/i_doctor" />
30-->src\main\AndroidManifest.xml:16:50-82
31        <activity
31-->src\main\AndroidManifest.xml:17:9-90
32            android:name="com.example.med_it_yourself.AmbulanceActivity"
32-->src\main\AndroidManifest.xml:17:19-52
33            android:label="@string/i_ambulance" />
33-->src\main\AndroidManifest.xml:17:53-88
34        <activity
34-->src\main\AndroidManifest.xml:18:9-81
35            android:name="com.example.med_it_yourself.ActionPicker"
35-->src\main\AndroidManifest.xml:18:19-47
36            android:label="@string/choose1" />
36-->src\main\AndroidManifest.xml:18:48-79
37        <activity
37-->src\main\AndroidManifest.xml:19:9-21:53
38            android:name="com.example.med_it_yourself.RegisterActivity"
38-->src\main\AndroidManifest.xml:20:13-45
39            android:label="@string/register_main" />
39-->src\main\AndroidManifest.xml:21:13-50
40        <activity
40-->src\main\AndroidManifest.xml:22:9-24:50
41            android:name="com.example.med_it_yourself.LoginActivity"
41-->src\main\AndroidManifest.xml:23:13-42
42            android:label="@string/login_main" />
42-->src\main\AndroidManifest.xml:24:13-47
43        <activity android:name="com.example.med_it_yourself.MainActivity" >
43-->src\main\AndroidManifest.xml:25:9-31:20
43-->src\main\AndroidManifest.xml:25:19-47
44            <intent-filter>
44-->src\main\AndroidManifest.xml:26:13-30:29
45                <action android:name="android.intent.action.MAIN" />
45-->src\main\AndroidManifest.xml:27:17-69
45-->src\main\AndroidManifest.xml:27:25-66
46
47                <category android:name="android.intent.category.LAUNCHER" />
47-->src\main\AndroidManifest.xml:29:17-77
47-->src\main\AndroidManifest.xml:29:27-74
48            </intent-filter>
49        </activity>
50    </application>
51
52</manifest>